<?xml version="1.0" encoding="UTF-8"?>
<testng-results ignored="0" total="1" passed="0" failed="1" skipped="0">
  <reporter-output>
  </reporter-output>
  <suite started-at="2022-07-27T11:55:15 IST" name="Default suite" finished-at="2022-07-27T11:55:46 IST" duration-ms="31904">
    <groups>
    </groups>
    <test started-at="2022-07-27T11:55:15 IST" name="Default test" finished-at="2022-07-27T11:55:46 IST" duration-ms="31904">
      <class name="MODULE1_TEST_POLICYbazarLOGIN.G_TEST_POLICY_BAZAR_PROFILENAME_Test_NG">
        <test-method is-config="true" signature="OpenBrowser()[pri:0, instance:MODULE1_TEST_POLICYbazarLOGIN.G_TEST_POLICY_BAZAR_PROFILENAME_Test_NG@3cebbb30]" started-at="2022-07-27T11:55:15 IST" name="OpenBrowser" finished-at="2022-07-27T11:55:24 IST" duration-ms="9117" status="PASS">
          <reporter-output>
          </reporter-output>
        </test-method> <!-- OpenBrowser -->
        <test-method is-config="true" signature="LoginToBrowserApp()[pri:0, instance:MODULE1_TEST_POLICYbazarLOGIN.G_TEST_POLICY_BAZAR_PROFILENAME_Test_NG@3cebbb30]" started-at="2022-07-27T11:55:24 IST" name="LoginToBrowserApp" finished-at="2022-07-27T11:55:37 IST" duration-ms="12924" status="PASS">
          <reporter-output>
          </reporter-output>
        </test-method> <!-- LoginToBrowserApp -->
        <test-method signature="Verify_PofileName()[pri:0, instance:MODULE1_TEST_POLICYbazarLOGIN.G_TEST_POLICY_BAZAR_PROFILENAME_Test_NG@3cebbb30]" started-at="2022-07-27T11:55:37 IST" name="Verify_PofileName" finished-at="2022-07-27T11:55:43 IST" duration-ms="6712" status="FAIL">
          <exception class="java.lang.AssertionError">
            <message>
              <![CDATA[expected [Pass@123] but found [dhambu]]]>
            </message>
            <full-stacktrace>
              <![CDATA[java.lang.AssertionError: expected [Pass@123] but found [dhambu]
at org.testng.Assert.fail(Assert.java:99)
at org.testng.Assert.failNotEquals(Assert.java:1037)
at org.testng.Assert.assertEqualsImpl(Assert.java:140)
at org.testng.Assert.assertEquals(Assert.java:122)
at org.testng.Assert.assertEquals(Assert.java:629)
at org.testng.Assert.assertEquals(Assert.java:639)
at MODULE1_TEST_POLICYbazarLOGIN.G_TEST_POLICY_BAZAR_PROFILENAME_Test_NG.Verify_PofileName(G_TEST_POLICY_BAZAR_PROFILENAME_Test_NG.java:80)
at java.base/jdk.internal.reflect.NativeMethodAccessorImpl.invoke0(Native Method)
at java.base/jdk.internal.reflect.NativeMethodAccessorImpl.invoke(NativeMethodAccessorImpl.java:62)
at java.base/jdk.internal.reflect.DelegatingMethodAccessorImpl.invoke(DelegatingMethodAccessorImpl.java:43)
at java.base/java.lang.reflect.Method.invoke(Method.java:566)
at org.testng.internal.MethodInvocationHelper.invokeMethod(MethodInvocationHelper.java:133)
at org.testng.internal.TestInvoker.invokeMethod(TestInvoker.java:598)
at org.testng.internal.TestInvoker.invokeTestMethod(TestInvoker.java:173)
at org.testng.internal.MethodRunner.runInSequence(MethodRunner.java:46)
at org.testng.internal.TestInvoker$MethodInvocationAgent.invoke(TestInvoker.java:824)
at org.testng.internal.TestInvoker.invokeTestMethods(TestInvoker.java:146)
at org.testng.internal.TestMethodWorker.invokeTestMethods(TestMethodWorker.java:146)
at org.testng.internal.TestMethodWorker.run(TestMethodWorker.java:128)
at java.base/java.util.ArrayList.forEach(ArrayList.java:1541)
at org.testng.TestRunner.privateRun(TestRunner.java:794)
at org.testng.TestRunner.run(TestRunner.java:596)
at org.testng.SuiteRunner.runTest(SuiteRunner.java:377)
at org.testng.SuiteRunner.runSequentially(SuiteRunner.java:371)
at org.testng.SuiteRunner.privateRun(SuiteRunner.java:332)
at org.testng.SuiteRunner.run(SuiteRunner.java:276)
at org.testng.SuiteRunnerWorker.runSuite(SuiteRunnerWorker.java:53)
at org.testng.SuiteRunnerWorker.run(SuiteRunnerWorker.java:96)
at org.testng.TestNG.runSuitesSequentially(TestNG.java:1212)
at org.testng.TestNG.runSuitesLocally(TestNG.java:1134)
at org.testng.TestNG.runSuites(TestNG.java:1063)
at org.testng.TestNG.run(TestNG.java:1031)
at org.testng.remote.AbstractRemoteTestNG.run(AbstractRemoteTestNG.java:115)
at org.testng.remote.RemoteTestNG.initAndRun(RemoteTestNG.java:251)
at org.testng.remote.RemoteTestNG.main(RemoteTestNG.java:77)
]]>
            </full-stacktrace>
          </exception> <!-- java.lang.AssertionError -->
          <reporter-output>
          </reporter-output>
        </test-method> <!-- Verify_PofileName -->
        <test-method is-config="true" signature="LogoutBrowserApp(org.testng.ITestResult)[pri:0, instance:MODULE1_TEST_POLICYbazarLOGIN.G_TEST_POLICY_BAZAR_PROFILENAME_Test_NG@3cebbb30]" started-at="2022-07-27T11:55:43 IST" name="LogoutBrowserApp" finished-at="2022-07-27T11:55:46 IST" duration-ms="2405" status="PASS">
          <params>
            <param index="0">
              <value>
                <![CDATA[[TestResult name=Verify_PofileName status=FAILURE method=G_TEST_POLICY_BAZAR_PROFILENAME_Test_NG.Verify_PofileName()[pri:0, instance:MODULE1_TEST_POLICYbazarLOGIN.G_TEST_POLICY_BAZAR_PROFILENAME_Test_NG@3cebbb30] output={null}]]]>
              </value>
            </param>
          </params>
          <reporter-output>
          </reporter-output>
        </test-method> <!-- LogoutBrowserApp -->
        <test-method is-config="true" signature="CloseBrowser()[pri:0, instance:MODULE1_TEST_POLICYbazarLOGIN.G_TEST_POLICY_BAZAR_PROFILENAME_Test_NG@3cebbb30]" started-at="2022-07-27T11:55:46 IST" name="CloseBrowser" finished-at="2022-07-27T11:55:46 IST" duration-ms="702" status="PASS">
          <reporter-output>
          </reporter-output>
        </test-method> <!-- CloseBrowser -->
      </class> <!-- MODULE1_TEST_POLICYbazarLOGIN.G_TEST_POLICY_BAZAR_PROFILENAME_Test_NG -->
    </test> <!-- Default test -->
  </suite> <!-- Default suite -->
</testng-results>
